\BOOKMARK [1][-]{section.1}{\376\377\000P\000r\000o\000b\000l\000e\000m\000\040\000A\000n\000a\000l\000y\000s\000i\000s}{}% 1
\BOOKMARK [2][-]{subsection.1.1}{\376\377\000P\000r\000o\000b\000l\000e\000m\000\040\000D\000e\000s\000c\000r\000i\000p\000t\000i\000o\000n}{section.1}% 2
\BOOKMARK [2][-]{subsection.1.2}{\376\377\000C\000o\000n\000c\000u\000r\000r\000e\000n\000c\000y\000-\000R\000e\000l\000a\000t\000e\000d\000\040\000C\000h\000a\000l\000l\000e\000n\000g\000e\000s}{section.1}% 3
\BOOKMARK [3][-]{subsubsection.1.2.1}{\376\377\000C\000o\000m\000p\000u\000t\000a\000t\000i\000o\000n\000a\000l\000\040\000C\000o\000m\000p\000l\000e\000x\000i\000t\000y}{subsection.1.2}% 4
\BOOKMARK [3][-]{subsubsection.1.2.2}{\376\377\000T\000e\000m\000p\000o\000r\000a\000l\000\040\000C\000o\000n\000s\000t\000r\000a\000i\000n\000t\000s}{subsection.1.2}% 5
\BOOKMARK [3][-]{subsubsection.1.2.3}{\376\377\000S\000y\000n\000c\000h\000r\000o\000n\000i\000z\000a\000t\000i\000o\000n\000\040\000R\000e\000q\000u\000i\000r\000e\000m\000e\000n\000t\000s}{subsection.1.2}% 6
\BOOKMARK [3][-]{subsubsection.1.2.4}{\376\377\000D\000a\000t\000a\000\040\000R\000a\000c\000e\000s\000\040\000a\000n\000d\000\040\000R\000a\000c\000e\000\040\000C\000o\000n\000d\000i\000t\000i\000o\000n\000s}{subsection.1.2}% 7
\BOOKMARK [2][-]{subsection.1.3}{\376\377\000T\000a\000s\000k\000-\000b\000a\000s\000e\000d\000\040\000R\000e\000l\000a\000t\000e\000d\000\040\000C\000h\000a\000l\000l\000e\000n\000g\000e\000s}{section.1}% 8
\BOOKMARK [3][-]{subsubsection.1.3.1}{\376\377\000C\000o\000m\000p\000u\000t\000a\000t\000i\000o\000n\000a\000l\000\040\000C\000o\000m\000p\000l\000e\000x\000i\000t\000y}{subsection.1.3}% 9
\BOOKMARK [3][-]{subsubsection.1.3.2}{\376\377\000T\000e\000m\000p\000o\000r\000a\000l\000\040\000C\000o\000n\000s\000t\000r\000a\000i\000n\000t\000s}{subsection.1.3}% 10
\BOOKMARK [3][-]{subsubsection.1.3.3}{\376\377\000S\000y\000n\000c\000h\000r\000o\000n\000i\000z\000a\000t\000i\000o\000n\000\040\000R\000e\000q\000u\000i\000r\000e\000m\000e\000n\000t\000s}{subsection.1.3}% 11
\BOOKMARK [1][-]{section.2}{\376\377\000D\000e\000s\000i\000g\000n\000\040\000a\000n\000d\000\040\000A\000r\000c\000h\000i\000t\000e\000c\000t\000u\000r\000e}{}% 12
\BOOKMARK [2][-]{subsection.2.1}{\376\377\000A\000r\000c\000h\000i\000t\000e\000c\000t\000u\000r\000a\000l\000\040\000O\000v\000e\000r\000v\000i\000e\000w\000\040\000f\000o\000r\000\040\000M\000u\000l\000t\000i\000t\000h\000r\000e\000a\000d\000i\000n\000g}{section.2}% 13
\BOOKMARK [3][-]{subsubsection.2.1.1}{\376\377\000C\000o\000m\000p\000o\000n\000e\000n\000t\000\040\000D\000e\000s\000c\000r\000i\000p\000t\000i\000o\000n}{subsection.2.1}% 14
\BOOKMARK [2][-]{subsection.2.2}{\376\377\000S\000y\000n\000c\000h\000r\000o\000n\000i\000z\000a\000t\000i\000o\000n\000\040\000S\000t\000r\000a\000t\000e\000g\000y}{section.2}% 15
\BOOKMARK [3][-]{subsubsection.2.2.1}{\376\377\000M\000o\000n\000i\000t\000o\000r\000-\000B\000a\000s\000e\000d\000\040\000S\000y\000n\000c\000h\000r\000o\000n\000i\000z\000a\000t\000i\000o\000n}{subsection.2.2}% 16
\BOOKMARK [3][-]{subsubsection.2.2.2}{\376\377\000B\000o\000t\000\040\000M\000o\000n\000i\000t\000o\000r}{subsection.2.2}% 17
\BOOKMARK [3][-]{subsubsection.2.2.3}{\376\377\000R\000e\000n\000d\000e\000r\000i\000n\000g\000\040\000S\000y\000n\000c\000h\000r\000o\000n\000i\000z\000a\000t\000i\000o\000n\000\040\000\050\000R\000e\000n\000d\000e\000r\000S\000y\000n\000c\000\051}{subsection.2.2}% 18
\BOOKMARK [2][-]{subsection.2.3}{\376\377\000T\000h\000r\000e\000a\000d\000\040\000L\000i\000f\000e\000c\000y\000c\000l\000e}{section.2}% 19
\BOOKMARK [2][-]{subsection.2.4}{\376\377\000A\000r\000c\000h\000i\000t\000e\000c\000t\000u\000r\000a\000l\000\040\000O\000v\000e\000r\000v\000i\000e\000w\000\040\000f\000o\000r\000\040\000T\000a\000s\000k\000-\000B\000a\000s\000e\000d\000\040\000A\000p\000p\000r\000o\000a\000c\000h}{section.2}% 20
\BOOKMARK [3][-]{subsubsection.2.4.1}{\376\377\000C\000o\000m\000p\000o\000n\000e\000n\000t\000\040\000D\000e\000s\000c\000r\000i\000p\000t\000i\000o\000n\000s}{subsection.2.4}% 21
\BOOKMARK [2][-]{subsection.2.5}{\376\377\000S\000y\000n\000c\000h\000r\000o\000n\000i\000z\000a\000t\000i\000o\000n\000\040\000S\000t\000r\000a\000t\000e\000g\000y}{section.2}% 22
\BOOKMARK [1][-]{section.3}{\376\377\000B\000e\000h\000a\000v\000i\000o\000r\000\040\000S\000p\000e\000c\000i\000f\000i\000c\000a\000t\000i\000o\000n\000:\000\040\000P\000e\000t\000r\000i\000\040\000N\000e\000t\000s}{}% 23
\BOOKMARK [2][-]{subsection.3.1}{\376\377\000H\000i\000g\000h\000-\000L\000e\000v\000e\000l\000\040\000G\000a\000m\000e\000\040\000F\000l\000o\000w\000\040\000N\000e\000t}{section.3}% 24
\BOOKMARK [2][-]{subsection.3.2}{\376\377\000U\000p\000d\000a\000t\000e\000\040\000T\000h\000r\000e\000a\000d\000\040\000B\000e\000h\000a\000v\000i\000o\000r\000\040\000N\000e\000t}{section.3}% 25
\BOOKMARK [2][-]{subsection.3.3}{\376\377\000B\000o\000t\000\040\000T\000h\000r\000e\000a\000d\000\040\000B\000e\000h\000a\000v\000i\000o\000r\000\040\000N\000e\000t}{section.3}% 26
\BOOKMARK [1][-]{section.4}{\376\377\000P\000e\000r\000f\000o\000r\000m\000a\000n\000c\000e\000\040\000E\000v\000a\000l\000u\000a\000t\000i\000o\000n}{}% 27
\BOOKMARK [2][-]{subsection.4.1}{\376\377\000E\000x\000p\000e\000r\000i\000m\000e\000n\000t\000a\000l\000\040\000S\000e\000t\000u\000p}{section.4}% 28
\BOOKMARK [3][-]{subsubsection.4.1.1}{\376\377\000T\000e\000s\000t\000\040\000C\000o\000n\000f\000i\000g\000u\000r\000a\000t\000i\000o\000n\000s}{subsection.4.1}% 29
\BOOKMARK [3][-]{subsubsection.4.1.2}{\376\377\000P\000e\000r\000f\000o\000r\000m\000a\000n\000c\000e\000\040\000M\000e\000t\000r\000i\000c\000s}{subsection.4.1}% 30
\BOOKMARK [2][-]{subsection.4.2}{\376\377\000E\000x\000p\000e\000c\000t\000e\000d\000\040\000P\000e\000r\000f\000o\000r\000m\000a\000n\000c\000e\000\040\000I\000m\000p\000r\000o\000v\000e\000m\000e\000n\000t\000s}{section.4}% 31
\BOOKMARK [3][-]{subsubsection.4.2.1}{\376\377\000S\000e\000q\000u\000e\000n\000t\000i\000a\000l\000\040\000B\000a\000s\000e\000l\000i\000n\000e\000\040\000I\000s\000s\000u\000e\000s}{subsection.4.2}% 32
\BOOKMARK [3][-]{subsubsection.4.2.2}{\376\377\000C\000o\000n\000c\000u\000r\000r\000e\000n\000t\000\040\000I\000m\000p\000r\000o\000v\000e\000m\000e\000n\000t\000s}{subsection.4.2}% 33
\BOOKMARK [3][-]{subsubsection.4.2.3}{\376\377\000T\000a\000s\000k\000-\000b\000a\000s\000e\000d\000\040\000I\000m\000p\000r\000o\000v\000e\000m\000e\000n\000t\000s}{subsection.4.2}% 34
\BOOKMARK [2][-]{subsection.4.3}{\376\377\000O\000v\000e\000r\000h\000e\000a\000d}{section.4}% 35
\BOOKMARK [3][-]{subsubsection.4.3.1}{\376\377\000M\000u\000l\000t\000i\000t\000h\000r\000e\000a\000d\000\040\000o\000v\000e\000r\000h\000e\000a\000d}{subsection.4.3}% 36
\BOOKMARK [3][-]{subsubsection.4.3.2}{\376\377\000T\000a\000s\000k\000-\000B\000a\000s\000e\000d\000\040\000o\000v\000e\000r\000h\000e\000a\000d}{subsection.4.3}% 37
\BOOKMARK [1][-]{section.5}{\376\377\000F\000o\000r\000m\000a\000l\000\040\000V\000e\000r\000i\000f\000i\000c\000a\000t\000i\000o\000n\000\040\000w\000i\000t\000h\000\040\000J\000P\000F}{}% 38
\BOOKMARK [2][-]{subsection.5.1}{\376\377\000J\000a\000v\000a\000\040\000P\000a\000t\000h\000\040\000F\000i\000n\000d\000e\000r\000\040\000I\000n\000t\000e\000g\000r\000a\000t\000i\000o\000n}{section.5}% 39
\BOOKMARK [3][-]{subsubsection.5.1.1}{\376\377\000J\000P\000F\000\040\000C\000o\000n\000f\000i\000g\000u\000r\000a\000t\000i\000o\000n}{subsection.5.1}% 40
\BOOKMARK [2][-]{subsection.5.2}{\376\377\000S\000a\000f\000e\000t\000y\000\040\000P\000r\000o\000p\000e\000r\000t\000i\000e\000s\000\040\000V\000e\000r\000i\000f\000i\000e\000d}{section.5}% 41
\BOOKMARK [3][-]{subsubsection.5.2.1}{\376\377\0001\000.\000\040\000M\000u\000t\000u\000a\000l\000\040\000E\000x\000c\000l\000u\000s\000i\000o\000n\000\040\000\050\000N\000o\000\040\000D\000a\000t\000a\000\040\000R\000a\000c\000e\000s\000\051}{subsection.5.2}% 42
\BOOKMARK [3][-]{subsubsection.5.2.2}{\376\377\0002\000.\000\040\000D\000e\000a\000d\000l\000o\000c\000k\000\040\000F\000r\000e\000e\000d\000o\000m}{subsection.5.2}% 43
\BOOKMARK [3][-]{subsubsection.5.2.3}{\376\377\0003\000.\000\040\000L\000i\000v\000e\000n\000e\000s\000s\000\040\000\050\000G\000a\000m\000e\000\040\000T\000e\000r\000m\000i\000n\000a\000t\000i\000o\000n\000\051}{subsection.5.2}% 44
\BOOKMARK [2][-]{subsection.5.3}{\376\377\000R\000a\000c\000e\000\040\000C\000o\000n\000d\000i\000t\000i\000o\000n\000\040\000D\000e\000t\000e\000c\000t\000i\000o\000n}{section.5}% 45
\BOOKMARK [3][-]{subsubsection.5.3.1}{\376\377\000S\000y\000n\000c\000h\000r\000o\000n\000i\000z\000e\000d\000\040\000F\000i\000e\000l\000d\000\040\000A\000c\000c\000e\000s\000s\000e\000s}{subsection.5.3}% 46
\BOOKMARK [3][-]{subsubsection.5.3.2}{\376\377\000T\000e\000m\000p\000o\000r\000a\000l\000\040\000A\000s\000s\000e\000r\000t\000i\000o\000n\000s}{subsection.5.3}% 47
\BOOKMARK [2][-]{subsection.5.4}{\376\377\000M\000o\000d\000e\000l\000\040\000C\000h\000e\000c\000k\000i\000n\000g\000\040\000R\000e\000s\000u\000l\000t\000s}{section.5}% 48
\BOOKMARK [3][-]{subsubsection.5.4.1}{\376\377\000T\000e\000s\000t\000\040\000C\000o\000n\000f\000i\000g\000u\000r\000a\000t\000i\000o\000n\000:\000\040\000M\000a\000i\000n\000J\000P\000F}{subsection.5.4}% 49
\BOOKMARK [1][-]{section.6}{\376\377\000C\000o\000n\000c\000l\000u\000s\000i\000o\000n}{}% 50
\BOOKMARK [1][-]{appendix.A}{\376\377\000C\000o\000d\000e\000\040\000L\000i\000s\000t\000i\000n\000g\000s}{}% 51
\BOOKMARK [2][-]{subsection.A.1}{\376\377\000G\000a\000m\000e\000C\000o\000n\000t\000r\000o\000l\000l\000e\000r\000\040\000M\000a\000i\000n\000\040\000L\000o\000o\000p}{appendix.A}% 52
